<?xml version="1.0" encoding="UTF-8"?>
<!-- Generated by org.testng.reporters.JUnitXMLReporter -->
<testsuite ignored="1" hostname="LAPTOP-KVMO3D7F" failures="0" tests="3" name="Test" time="5.779" errors="0" timestamp="2023-10-11T02:36:17 IST">
  <testcase classname="AssignmentPackage.AssignmentFive" name="@BeforeTest setupWebDriver" time="5.057">
    <failure type="org.testng.internal.thread.ThreadTimeoutException" message="Method AssignmentPackage.AssignmentFive.setupWebDriver() didn&amp;apos;t finish within the time-out 5000">
      <![CDATA[org.testng.internal.thread.ThreadTimeoutException: Method AssignmentPackage.AssignmentFive.setupWebDriver() didn't finish within the time-out 5000
at java.base@11.0.16.1/java.io.RandomAccessFile.readBytes(Native Method)
at java.base@11.0.16.1/java.io.RandomAccessFile.read(RandomAccessFile.java:407)
at java.base@11.0.16.1/java.io.RandomAccessFile.readFully(RandomAccessFile.java:471)
at java.base@11.0.16.1/java.util.zip.ZipFile$Source.readFullyAt(ZipFile.java:1330)
at java.base@11.0.16.1/java.util.zip.ZipFile$ZipFileInputStream.initDataOffset(ZipFile.java:996)
at java.base@11.0.16.1/java.util.zip.ZipFile$ZipFileInputStream.read(ZipFile.java:1011)
at java.base@11.0.16.1/java.util.zip.ZipFile$ZipFileInflaterInputStream.fill(ZipFile.java:469)
at java.base@11.0.16.1/java.util.zip.InflaterInputStream.read(InflaterInputStream.java:159)
at java.base@11.0.16.1/jdk.internal.loader.Resource.getBytes(Resource.java:124)
at java.base@11.0.16.1/jdk.internal.loader.URLClassPath$JarLoader$2.getBytes(URLClassPath.java:884)
at java.base@11.0.16.1/jdk.internal.loader.BuiltinClassLoader.defineClass(BuiltinClassLoader.java:797)
at java.base@11.0.16.1/jdk.internal.loader.BuiltinClassLoader.findClassOnClassPathOrNull(BuiltinClassLoader.java:698)
at java.base@11.0.16.1/jdk.internal.loader.BuiltinClassLoader.loadClassOrNull(BuiltinClassLoader.java:621)
at java.base@11.0.16.1/jdk.internal.loader.BuiltinClassLoader.loadClass(BuiltinClassLoader.java:579)
at java.base@11.0.16.1/jdk.internal.loader.ClassLoaders$AppClassLoader.loadClass(ClassLoaders.java:178)
at java.base@11.0.16.1/java.lang.ClassLoader.loadClass(ClassLoader.java:521)
at app//com.google.common.collect.ImmutableMapEntry.<init>(ImmutableMapEntry.java:54)
at app//com.google.common.collect.ImmutableMap.entryOf(ImmutableMap.java:341)
at app//com.google.common.collect.ImmutableMap.of(ImmutableMap.java:181)
at app//org.openqa.selenium.chrome.AddHasCasting.getAdditionalCommands(AddHasCasting.java:38)
at app//org.openqa.selenium.chrome.ChromeDriver$ChromeDriverCommandExecutor.getExtraCommands(ChromeDriver.java:120)
at app//org.openqa.selenium.chrome.ChromeDriver$ChromeDriverCommandExecutor.<init>(ChromeDriver.java:115)
at app//org.openqa.selenium.chrome.ChromeDriver.generateExecutor(ChromeDriver.java:105)
at app//org.openqa.selenium.chrome.ChromeDriver.<init>(ChromeDriver.java:88)
at app//org.openqa.selenium.chrome.ChromeDriver.<init>(ChromeDriver.java:83)
at app//org.openqa.selenium.chrome.ChromeDriver.<init>(ChromeDriver.java:51)
at app//AssignmentPackage.AssignmentFive.setupWebDriver(AssignmentFive.java:23)
at java.base@11.0.16.1/java.util.concurrent.FutureTask.run(FutureTask.java:264)
at java.base@11.0.16.1/java.util.concurrent.ThreadPoolExecutor.runWorker(ThreadPoolExecutor.java:1128)
at java.base@11.0.16.1/java.util.concurrent.ThreadPoolExecutor$Worker.run(ThreadPoolExecutor.java:628)
at java.base@11.0.16.1/java.lang.Thread.run(Thread.java:834)
... Removed 8 stack frames]]>
    </failure>
  </testcase> <!-- @BeforeTest setupWebDriver -->
  <testcase classname="AssignmentPackage.AssignmentFive" name="@AfterTest closeWebDriver" time="0.0">
    <skipped/>
  </testcase> <!-- @AfterTest closeWebDriver -->
  <testcase classname="AssignmentPackage.AssignmentFive" name="verifyAcceptCookiePresenceAndClick" time="0.0">
    <skipped/>
  </testcase> <!-- verifyAcceptCookiePresenceAndClick -->
  <testcase classname="AssignmentPackage.AssignmentFive" name="verifyAutomationanywherelogo_present" time="0.0">
    <skipped/>
  </testcase> <!-- verifyAutomationanywherelogo_present -->
  <testcase classname="AssignmentPackage.AssignmentFive" name="verifyEachLinkIsClicked" time="0.0">
    <skipped/>
  </testcase> <!-- verifyEachLinkIsClicked -->
  <testcase classname="AssignmentPackage.AssignmentFive" name="verifyAcceptCookiePresenceAndClickReverification" time="0.0">
    <ignored/>
  </testcase> <!-- verifyAcceptCookiePresenceAndClickReverification -->
</testsuite> <!-- Test -->
