<html>
<head>
<title>TestNG:  Test</title>
<link href="../testng.css" rel="stylesheet" type="text/css" />
<link href="../my-testng.css" rel="stylesheet" type="text/css" />

<style type="text/css">
.log { display: none;} 
.stack-trace { display: none;} 
</style>
<script type="text/javascript">
<!--
function flip(e) {
  current = e.style.display;
  if (current == 'block') {
    e.style.display = 'none';
    return 0;
  }
  else {
    e.style.display = 'block';
    return 1;
  }
}

function toggleBox(szDivId, elem, msg1, msg2)
{
  var res = -1;  if (document.getElementById) {
    res = flip(document.getElementById(szDivId));
  }
  else if (document.all) {
    // this is the way old msie versions work
    res = flip(document.all[szDivId]);
  }
  if(elem) {
    if(res == 0) elem.innerHTML = msg1; else elem.innerHTML = msg2;
  }

}

function toggleAllBoxes() {
  if (document.getElementsByTagName) {
    d = document.getElementsByTagName('div');
    for (i = 0; i < d.length; i++) {
      if (d[i].className == 'log') {
        flip(d[i]);
      }
    }
  }
}

// -->
</script>

</head>
<body>
<h2 align='center'>Test</h2><table border='1' align="center">
<tr>
<td>Tests passed/Failed/Skipped:</td><td>0/0/3</td>
</tr><tr>
<td>Started on:</td><td>Wed Oct 11 02:36:11 IST 2023</td>
</tr>
<tr><td>Total time:</td><td>5 seconds (5779 ms)</td>
</tr><tr>
<td>Included groups:</td><td></td>
</tr><tr>
<td>Excluded groups:</td><td></td>
</tr>
</table><p/>
<small><i>(Hover the method name to see the test class name)</i></small><p/>
<table width='100%' border='1' class='invocation-failed'>
<tr><td colspan='4' align='center'><b>FAILED CONFIGURATIONS</b></td></tr>
<tr><td><b>Test method</b></td>
<td><b>Attribute(s)</b></td>
<td width="30%"><b>Exception</b></td>
<td width="10%"><b>Time (seconds)</b></td>
<td><b>Instance</b></td>
</tr>
<tr>
<td title='AssignmentPackage.AssignmentFive.setupWebDriver()'><b>setupWebDriver</b><br>Test class: AssignmentPackage.AssignmentFive</td>
<td><div><pre>org.testng.internal.thread.ThreadTimeoutException: Method AssignmentPackage.AssignmentFive.setupWebDriver() didn&apos;t finish within the time-out 5000
	at java.base@11.0.16.1/java.io.RandomAccessFile.readBytes(Native Method)
	at java.base@11.0.16.1/java.io.RandomAccessFile.read(RandomAccessFile.java:407)
	at java.base@11.0.16.1/java.io.RandomAccessFile.readFully(RandomAccessFile.java:471)
	at java.base@11.0.16.1/java.util.zip.ZipFile$Source.readFullyAt(ZipFile.java:1330)
	at java.base@11.0.16.1/java.util.zip.ZipFile$ZipFileInputStream.initDataOffset(ZipFile.java:996)
	at java.base@11.0.16.1/java.util.zip.ZipFile$ZipFileInputStream.read(ZipFile.java:1011)
	at java.base@11.0.16.1/java.util.zip.ZipFile$ZipFileInflaterInputStream.fill(ZipFile.java:469)
	at java.base@11.0.16.1/java.util.zip.InflaterInputStream.read(InflaterInputStream.java:159)
	at java.base@11.0.16.1/jdk.internal.loader.Resource.getBytes(Resource.java:124)
	at java.base@11.0.16.1/jdk.internal.loader.URLClassPath$JarLoader$2.getBytes(URLClassPath.java:884)
	at java.base@11.0.16.1/jdk.internal.loader.BuiltinClassLoader.defineClass(BuiltinClassLoader.java:797)
	at java.base@11.0.16.1/jdk.internal.loader.BuiltinClassLoader.findClassOnClassPathOrNull(BuiltinClassLoader.java:698)
	at java.base@11.0.16.1/jdk.internal.loader.BuiltinClassLoader.loadClassOrNull(BuiltinClassLoader.java:621)
	at java.base@11.0.16.1/jdk.internal.loader.BuiltinClassLoader.loadClass(BuiltinClassLoader.java:579)
	at java.base@11.0.16.1/jdk.internal.loader.ClassLoaders$AppClassLoader.loadClass(ClassLoaders.java:178)
	at java.base@11.0.16.1/java.lang.ClassLoader.loadClass(ClassLoader.java:521)
	at app//com.google.common.collect.ImmutableMapEntry.&lt;init&gt;(ImmutableMapEntry.java:54)
	at app//com.google.common.collect.ImmutableMap.entryOf(ImmutableMap.java:341)
	at app//com.google.common.collect.ImmutableMap.of(ImmutableMap.java:181)
	at app//org.openqa.selenium.chrome.AddHasCasting.getAdditionalCommands(AddHasCasting.java:38)
	at app//org.openqa.selenium.chrome.ChromeDriver$ChromeDriverCommandExecutor.getExtraCommands(ChromeDriver.java:120)
	at app//org.openqa.selenium.chrome.ChromeDriver$ChromeDriverCommandExecutor.&lt;init&gt;(ChromeDriver.java:115)
	at app//org.openqa.selenium.chrome.ChromeDriver.generateExecutor(ChromeDriver.java:105)
	at app//org.openqa.selenium.chrome.ChromeDriver.&lt;init&gt;(ChromeDriver.java:88)
	at app//org.openqa.selenium.chrome.ChromeDriver.&lt;init&gt;(ChromeDriver.java:83)
	at app//org.openqa.selenium.chrome.ChromeDriver.&lt;init&gt;(ChromeDriver.java:51)
	at app//AssignmentPackage.AssignmentFive.setupWebDriver(AssignmentFive.java:23)
	at java.base@11.0.16.1/java.util.concurrent.FutureTask.run(FutureTask.java:264)
	at java.base@11.0.16.1/java.util.concurrent.ThreadPoolExecutor.runWorker(ThreadPoolExecutor.java:1128)
	at java.base@11.0.16.1/java.util.concurrent.ThreadPoolExecutor$Worker.run(ThreadPoolExecutor.java:628)
	at java.base@11.0.16.1/java.lang.Thread.run(Thread.java:834)
... Removed 8 stack frames</pre></div><a href='#' onClick='toggleBox("stack-trace566113173", this, "Click to show all stack frames", "Click to hide stack frames")'>Click to show all stack frames</a>
<div class='stack-trace' id='stack-trace566113173'><pre>org.testng.internal.thread.ThreadTimeoutException: Method AssignmentPackage.AssignmentFive.setupWebDriver() didn&apos;t finish within the time-out 5000
	at java.base@11.0.16.1/java.io.RandomAccessFile.readBytes(Native Method)
	at java.base@11.0.16.1/java.io.RandomAccessFile.read(RandomAccessFile.java:407)
	at java.base@11.0.16.1/java.io.RandomAccessFile.readFully(RandomAccessFile.java:471)
	at java.base@11.0.16.1/java.util.zip.ZipFile$Source.readFullyAt(ZipFile.java:1330)
	at java.base@11.0.16.1/java.util.zip.ZipFile$ZipFileInputStream.initDataOffset(ZipFile.java:996)
	at java.base@11.0.16.1/java.util.zip.ZipFile$ZipFileInputStream.read(ZipFile.java:1011)
	at java.base@11.0.16.1/java.util.zip.ZipFile$ZipFileInflaterInputStream.fill(ZipFile.java:469)
	at java.base@11.0.16.1/java.util.zip.InflaterInputStream.read(InflaterInputStream.java:159)
	at java.base@11.0.16.1/jdk.internal.loader.Resource.getBytes(Resource.java:124)
	at java.base@11.0.16.1/jdk.internal.loader.URLClassPath$JarLoader$2.getBytes(URLClassPath.java:884)
	at java.base@11.0.16.1/jdk.internal.loader.BuiltinClassLoader.defineClass(BuiltinClassLoader.java:797)
	at java.base@11.0.16.1/jdk.internal.loader.BuiltinClassLoader.findClassOnClassPathOrNull(BuiltinClassLoader.java:698)
	at java.base@11.0.16.1/jdk.internal.loader.BuiltinClassLoader.loadClassOrNull(BuiltinClassLoader.java:621)
	at java.base@11.0.16.1/jdk.internal.loader.BuiltinClassLoader.loadClass(BuiltinClassLoader.java:579)
	at java.base@11.0.16.1/jdk.internal.loader.ClassLoaders$AppClassLoader.loadClass(ClassLoaders.java:178)
	at java.base@11.0.16.1/java.lang.ClassLoader.loadClass(ClassLoader.java:521)
	at app//com.google.common.collect.ImmutableMapEntry.&lt;init&gt;(ImmutableMapEntry.java:54)
	at app//com.google.common.collect.ImmutableMap.entryOf(ImmutableMap.java:341)
	at app//com.google.common.collect.ImmutableMap.of(ImmutableMap.java:181)
	at app//org.openqa.selenium.chrome.AddHasCasting.getAdditionalCommands(AddHasCasting.java:38)
	at app//org.openqa.selenium.chrome.ChromeDriver$ChromeDriverCommandExecutor.getExtraCommands(ChromeDriver.java:120)
	at app//org.openqa.selenium.chrome.ChromeDriver$ChromeDriverCommandExecutor.&lt;init&gt;(ChromeDriver.java:115)
	at app//org.openqa.selenium.chrome.ChromeDriver.generateExecutor(ChromeDriver.java:105)
	at app//org.openqa.selenium.chrome.ChromeDriver.&lt;init&gt;(ChromeDriver.java:88)
	at app//org.openqa.selenium.chrome.ChromeDriver.&lt;init&gt;(ChromeDriver.java:83)
	at app//org.openqa.selenium.chrome.ChromeDriver.&lt;init&gt;(ChromeDriver.java:51)
	at app//AssignmentPackage.AssignmentFive.setupWebDriver(AssignmentFive.java:23)
	at java.base@11.0.16.1/jdk.internal.reflect.NativeMethodAccessorImpl.invoke0(Native Method)
	at java.base@11.0.16.1/jdk.internal.reflect.NativeMethodAccessorImpl.invoke(NativeMethodAccessorImpl.java:62)
	at java.base@11.0.16.1/jdk.internal.reflect.DelegatingMethodAccessorImpl.invoke(DelegatingMethodAccessorImpl.java:43)
	at java.base@11.0.16.1/java.lang.reflect.Method.invoke(Method.java:566)
	at app//org.testng.internal.invokers.MethodInvocationHelper.invokeMethod(MethodInvocationHelper.java:139)
	at app//org.testng.internal.invokers.InvokeMethodRunnable.runOne(InvokeMethodRunnable.java:47)
	at app//org.testng.internal.invokers.InvokeMethodRunnable.call(InvokeMethodRunnable.java:76)
	at app//org.testng.internal.invokers.InvokeMethodRunnable.call(InvokeMethodRunnable.java:11)
	at java.base@11.0.16.1/java.util.concurrent.FutureTask.run(FutureTask.java:264)
	at java.base@11.0.16.1/java.util.concurrent.ThreadPoolExecutor.runWorker(ThreadPoolExecutor.java:1128)
	at java.base@11.0.16.1/java.util.concurrent.ThreadPoolExecutor$Worker.run(ThreadPoolExecutor.java:628)
	at java.base@11.0.16.1/java.lang.Thread.run(Thread.java:834)
</pre></div></td>
<td>5</td>
<td>AssignmentPackage.AssignmentFive@31ea9581</td></tr>
</table><p>
<table width='100%' border='1' class='invocation-skipped'>
<tr><td colspan='4' align='center'><b>SKIPPED CONFIGURATIONS</b></td></tr>
<tr><td><b>Test method</b></td>
<td><b>Attribute(s)</b></td>
<td width="30%"><b>Exception</b></td>
<td width="10%"><b>Time (seconds)</b></td>
<td><b>Instance</b></td>
</tr>
<tr>
<td title='AssignmentPackage.AssignmentFive.closeWebDriver()'><b>closeWebDriver</b><br>Test class: AssignmentPackage.AssignmentFive</td>
<td></td>
<td>0</td>
<td>AssignmentPackage.AssignmentFive@31ea9581</td></tr>
</table><p>
<table width='100%' border='1' class='invocation-skipped'>
<tr><td colspan='4' align='center'><b>SKIPPED TESTS</b></td></tr>
<tr><td><b>Test method</b></td>
<td><b>Attribute(s)</b></td>
<td width="30%"><b>Exception</b></td>
<td width="10%"><b>Time (seconds)</b></td>
<td><b>Instance</b></td>
</tr>
<tr>
<td title='AssignmentPackage.AssignmentFive.verifyAcceptCookiePresenceAndClick()'><b>verifyAcceptCookiePresenceAndClick</b><br>Test class: AssignmentPackage.AssignmentFive</td>
<td><div><pre>org.testng.internal.thread.ThreadTimeoutException: Method AssignmentPackage.AssignmentFive.setupWebDriver() didn&apos;t finish within the time-out 5000
	at java.base@11.0.16.1/java.io.RandomAccessFile.readBytes(Native Method)
	at java.base@11.0.16.1/java.io.RandomAccessFile.read(RandomAccessFile.java:407)
	at java.base@11.0.16.1/java.io.RandomAccessFile.readFully(RandomAccessFile.java:471)
	at java.base@11.0.16.1/java.util.zip.ZipFile$Source.readFullyAt(ZipFile.java:1330)
	at java.base@11.0.16.1/java.util.zip.ZipFile$ZipFileInputStream.initDataOffset(ZipFile.java:996)
	at java.base@11.0.16.1/java.util.zip.ZipFile$ZipFileInputStream.read(ZipFile.java:1011)
	at java.base@11.0.16.1/java.util.zip.ZipFile$ZipFileInflaterInputStream.fill(ZipFile.java:469)
	at java.base@11.0.16.1/java.util.zip.InflaterInputStream.read(InflaterInputStream.java:159)
	at java.base@11.0.16.1/jdk.internal.loader.Resource.getBytes(Resource.java:124)
	at java.base@11.0.16.1/jdk.internal.loader.URLClassPath$JarLoader$2.getBytes(URLClassPath.java:884)
	at java.base@11.0.16.1/jdk.internal.loader.BuiltinClassLoader.defineClass(BuiltinClassLoader.java:797)
	at java.base@11.0.16.1/jdk.internal.loader.BuiltinClassLoader.findClassOnClassPathOrNull(BuiltinClassLoader.java:698)
	at java.base@11.0.16.1/jdk.internal.loader.BuiltinClassLoader.loadClassOrNull(BuiltinClassLoader.java:621)
	at java.base@11.0.16.1/jdk.internal.loader.BuiltinClassLoader.loadClass(BuiltinClassLoader.java:579)
	at java.base@11.0.16.1/jdk.internal.loader.ClassLoaders$AppClassLoader.loadClass(ClassLoaders.java:178)
	at java.base@11.0.16.1/java.lang.ClassLoader.loadClass(ClassLoader.java:521)
	at app//com.google.common.collect.ImmutableMapEntry.&lt;init&gt;(ImmutableMapEntry.java:54)
	at app//com.google.common.collect.ImmutableMap.entryOf(ImmutableMap.java:341)
	at app//com.google.common.collect.ImmutableMap.of(ImmutableMap.java:181)
	at app//org.openqa.selenium.chrome.AddHasCasting.getAdditionalCommands(AddHasCasting.java:38)
	at app//org.openqa.selenium.chrome.ChromeDriver$ChromeDriverCommandExecutor.getExtraCommands(ChromeDriver.java:120)
	at app//org.openqa.selenium.chrome.ChromeDriver$ChromeDriverCommandExecutor.&lt;init&gt;(ChromeDriver.java:115)
	at app//org.openqa.selenium.chrome.ChromeDriver.generateExecutor(ChromeDriver.java:105)
	at app//org.openqa.selenium.chrome.ChromeDriver.&lt;init&gt;(ChromeDriver.java:88)
	at app//org.openqa.selenium.chrome.ChromeDriver.&lt;init&gt;(ChromeDriver.java:83)
	at app//org.openqa.selenium.chrome.ChromeDriver.&lt;init&gt;(ChromeDriver.java:51)
	at app//AssignmentPackage.AssignmentFive.setupWebDriver(AssignmentFive.java:23)
	at java.base@11.0.16.1/java.util.concurrent.FutureTask.run(FutureTask.java:264)
	at java.base@11.0.16.1/java.util.concurrent.ThreadPoolExecutor.runWorker(ThreadPoolExecutor.java:1128)
	at java.base@11.0.16.1/java.util.concurrent.ThreadPoolExecutor$Worker.run(ThreadPoolExecutor.java:628)
	at java.base@11.0.16.1/java.lang.Thread.run(Thread.java:834)
... Removed 8 stack frames</pre></div><a href='#' onClick='toggleBox("stack-trace970419381", this, "Click to show all stack frames", "Click to hide stack frames")'>Click to show all stack frames</a>
<div class='stack-trace' id='stack-trace970419381'><pre>org.testng.internal.thread.ThreadTimeoutException: Method AssignmentPackage.AssignmentFive.setupWebDriver() didn&apos;t finish within the time-out 5000
	at java.base@11.0.16.1/java.io.RandomAccessFile.readBytes(Native Method)
	at java.base@11.0.16.1/java.io.RandomAccessFile.read(RandomAccessFile.java:407)
	at java.base@11.0.16.1/java.io.RandomAccessFile.readFully(RandomAccessFile.java:471)
	at java.base@11.0.16.1/java.util.zip.ZipFile$Source.readFullyAt(ZipFile.java:1330)
	at java.base@11.0.16.1/java.util.zip.ZipFile$ZipFileInputStream.initDataOffset(ZipFile.java:996)
	at java.base@11.0.16.1/java.util.zip.ZipFile$ZipFileInputStream.read(ZipFile.java:1011)
	at java.base@11.0.16.1/java.util.zip.ZipFile$ZipFileInflaterInputStream.fill(ZipFile.java:469)
	at java.base@11.0.16.1/java.util.zip.InflaterInputStream.read(InflaterInputStream.java:159)
	at java.base@11.0.16.1/jdk.internal.loader.Resource.getBytes(Resource.java:124)
	at java.base@11.0.16.1/jdk.internal.loader.URLClassPath$JarLoader$2.getBytes(URLClassPath.java:884)
	at java.base@11.0.16.1/jdk.internal.loader.BuiltinClassLoader.defineClass(BuiltinClassLoader.java:797)
	at java.base@11.0.16.1/jdk.internal.loader.BuiltinClassLoader.findClassOnClassPathOrNull(BuiltinClassLoader.java:698)
	at java.base@11.0.16.1/jdk.internal.loader.BuiltinClassLoader.loadClassOrNull(BuiltinClassLoader.java:621)
	at java.base@11.0.16.1/jdk.internal.loader.BuiltinClassLoader.loadClass(BuiltinClassLoader.java:579)
	at java.base@11.0.16.1/jdk.internal.loader.ClassLoaders$AppClassLoader.loadClass(ClassLoaders.java:178)
	at java.base@11.0.16.1/java.lang.ClassLoader.loadClass(ClassLoader.java:521)
	at app//com.google.common.collect.ImmutableMapEntry.&lt;init&gt;(ImmutableMapEntry.java:54)
	at app//com.google.common.collect.ImmutableMap.entryOf(ImmutableMap.java:341)
	at app//com.google.common.collect.ImmutableMap.of(ImmutableMap.java:181)
	at app//org.openqa.selenium.chrome.AddHasCasting.getAdditionalCommands(AddHasCasting.java:38)
	at app//org.openqa.selenium.chrome.ChromeDriver$ChromeDriverCommandExecutor.getExtraCommands(ChromeDriver.java:120)
	at app//org.openqa.selenium.chrome.ChromeDriver$ChromeDriverCommandExecutor.&lt;init&gt;(ChromeDriver.java:115)
	at app//org.openqa.selenium.chrome.ChromeDriver.generateExecutor(ChromeDriver.java:105)
	at app//org.openqa.selenium.chrome.ChromeDriver.&lt;init&gt;(ChromeDriver.java:88)
	at app//org.openqa.selenium.chrome.ChromeDriver.&lt;init&gt;(ChromeDriver.java:83)
	at app//org.openqa.selenium.chrome.ChromeDriver.&lt;init&gt;(ChromeDriver.java:51)
	at app//AssignmentPackage.AssignmentFive.setupWebDriver(AssignmentFive.java:23)
	at java.base@11.0.16.1/jdk.internal.reflect.NativeMethodAccessorImpl.invoke0(Native Method)
	at java.base@11.0.16.1/jdk.internal.reflect.NativeMethodAccessorImpl.invoke(NativeMethodAccessorImpl.java:62)
	at java.base@11.0.16.1/jdk.internal.reflect.DelegatingMethodAccessorImpl.invoke(DelegatingMethodAccessorImpl.java:43)
	at java.base@11.0.16.1/java.lang.reflect.Method.invoke(Method.java:566)
	at app//org.testng.internal.invokers.MethodInvocationHelper.invokeMethod(MethodInvocationHelper.java:139)
	at app//org.testng.internal.invokers.InvokeMethodRunnable.runOne(InvokeMethodRunnable.java:47)
	at app//org.testng.internal.invokers.InvokeMethodRunnable.call(InvokeMethodRunnable.java:76)
	at app//org.testng.internal.invokers.InvokeMethodRunnable.call(InvokeMethodRunnable.java:11)
	at java.base@11.0.16.1/java.util.concurrent.FutureTask.run(FutureTask.java:264)
	at java.base@11.0.16.1/java.util.concurrent.ThreadPoolExecutor.runWorker(ThreadPoolExecutor.java:1128)
	at java.base@11.0.16.1/java.util.concurrent.ThreadPoolExecutor$Worker.run(ThreadPoolExecutor.java:628)
	at java.base@11.0.16.1/java.lang.Thread.run(Thread.java:834)
</pre></div></td>
<td>0</td>
<td>AssignmentPackage.AssignmentFive@31ea9581</td></tr>
<tr>
<td title='AssignmentPackage.AssignmentFive.verifyAutomationanywherelogo_present()'><b>verifyAutomationanywherelogo_present</b><br>Test class: AssignmentPackage.AssignmentFive</td>
<td><div><pre>org.testng.internal.thread.ThreadTimeoutException: Method AssignmentPackage.AssignmentFive.setupWebDriver() didn&apos;t finish within the time-out 5000
	at java.base@11.0.16.1/java.io.RandomAccessFile.readBytes(Native Method)
	at java.base@11.0.16.1/java.io.RandomAccessFile.read(RandomAccessFile.java:407)
	at java.base@11.0.16.1/java.io.RandomAccessFile.readFully(RandomAccessFile.java:471)
	at java.base@11.0.16.1/java.util.zip.ZipFile$Source.readFullyAt(ZipFile.java:1330)
	at java.base@11.0.16.1/java.util.zip.ZipFile$ZipFileInputStream.initDataOffset(ZipFile.java:996)
	at java.base@11.0.16.1/java.util.zip.ZipFile$ZipFileInputStream.read(ZipFile.java:1011)
	at java.base@11.0.16.1/java.util.zip.ZipFile$ZipFileInflaterInputStream.fill(ZipFile.java:469)
	at java.base@11.0.16.1/java.util.zip.InflaterInputStream.read(InflaterInputStream.java:159)
	at java.base@11.0.16.1/jdk.internal.loader.Resource.getBytes(Resource.java:124)
	at java.base@11.0.16.1/jdk.internal.loader.URLClassPath$JarLoader$2.getBytes(URLClassPath.java:884)
	at java.base@11.0.16.1/jdk.internal.loader.BuiltinClassLoader.defineClass(BuiltinClassLoader.java:797)
	at java.base@11.0.16.1/jdk.internal.loader.BuiltinClassLoader.findClassOnClassPathOrNull(BuiltinClassLoader.java:698)
	at java.base@11.0.16.1/jdk.internal.loader.BuiltinClassLoader.loadClassOrNull(BuiltinClassLoader.java:621)
	at java.base@11.0.16.1/jdk.internal.loader.BuiltinClassLoader.loadClass(BuiltinClassLoader.java:579)
	at java.base@11.0.16.1/jdk.internal.loader.ClassLoaders$AppClassLoader.loadClass(ClassLoaders.java:178)
	at java.base@11.0.16.1/java.lang.ClassLoader.loadClass(ClassLoader.java:521)
	at app//com.google.common.collect.ImmutableMapEntry.&lt;init&gt;(ImmutableMapEntry.java:54)
	at app//com.google.common.collect.ImmutableMap.entryOf(ImmutableMap.java:341)
	at app//com.google.common.collect.ImmutableMap.of(ImmutableMap.java:181)
	at app//org.openqa.selenium.chrome.AddHasCasting.getAdditionalCommands(AddHasCasting.java:38)
	at app//org.openqa.selenium.chrome.ChromeDriver$ChromeDriverCommandExecutor.getExtraCommands(ChromeDriver.java:120)
	at app//org.openqa.selenium.chrome.ChromeDriver$ChromeDriverCommandExecutor.&lt;init&gt;(ChromeDriver.java:115)
	at app//org.openqa.selenium.chrome.ChromeDriver.generateExecutor(ChromeDriver.java:105)
	at app//org.openqa.selenium.chrome.ChromeDriver.&lt;init&gt;(ChromeDriver.java:88)
	at app//org.openqa.selenium.chrome.ChromeDriver.&lt;init&gt;(ChromeDriver.java:83)
	at app//org.openqa.selenium.chrome.ChromeDriver.&lt;init&gt;(ChromeDriver.java:51)
	at app//AssignmentPackage.AssignmentFive.setupWebDriver(AssignmentFive.java:23)
	at java.base@11.0.16.1/java.util.concurrent.FutureTask.run(FutureTask.java:264)
	at java.base@11.0.16.1/java.util.concurrent.ThreadPoolExecutor.runWorker(ThreadPoolExecutor.java:1128)
	at java.base@11.0.16.1/java.util.concurrent.ThreadPoolExecutor$Worker.run(ThreadPoolExecutor.java:628)
	at java.base@11.0.16.1/java.lang.Thread.run(Thread.java:834)
... Removed 8 stack frames</pre></div><a href='#' onClick='toggleBox("stack-trace1272123492", this, "Click to show all stack frames", "Click to hide stack frames")'>Click to show all stack frames</a>
<div class='stack-trace' id='stack-trace1272123492'><pre>org.testng.internal.thread.ThreadTimeoutException: Method AssignmentPackage.AssignmentFive.setupWebDriver() didn&apos;t finish within the time-out 5000
	at java.base@11.0.16.1/java.io.RandomAccessFile.readBytes(Native Method)
	at java.base@11.0.16.1/java.io.RandomAccessFile.read(RandomAccessFile.java:407)
	at java.base@11.0.16.1/java.io.RandomAccessFile.readFully(RandomAccessFile.java:471)
	at java.base@11.0.16.1/java.util.zip.ZipFile$Source.readFullyAt(ZipFile.java:1330)
	at java.base@11.0.16.1/java.util.zip.ZipFile$ZipFileInputStream.initDataOffset(ZipFile.java:996)
	at java.base@11.0.16.1/java.util.zip.ZipFile$ZipFileInputStream.read(ZipFile.java:1011)
	at java.base@11.0.16.1/java.util.zip.ZipFile$ZipFileInflaterInputStream.fill(ZipFile.java:469)
	at java.base@11.0.16.1/java.util.zip.InflaterInputStream.read(InflaterInputStream.java:159)
	at java.base@11.0.16.1/jdk.internal.loader.Resource.getBytes(Resource.java:124)
	at java.base@11.0.16.1/jdk.internal.loader.URLClassPath$JarLoader$2.getBytes(URLClassPath.java:884)
	at java.base@11.0.16.1/jdk.internal.loader.BuiltinClassLoader.defineClass(BuiltinClassLoader.java:797)
	at java.base@11.0.16.1/jdk.internal.loader.BuiltinClassLoader.findClassOnClassPathOrNull(BuiltinClassLoader.java:698)
	at java.base@11.0.16.1/jdk.internal.loader.BuiltinClassLoader.loadClassOrNull(BuiltinClassLoader.java:621)
	at java.base@11.0.16.1/jdk.internal.loader.BuiltinClassLoader.loadClass(BuiltinClassLoader.java:579)
	at java.base@11.0.16.1/jdk.internal.loader.ClassLoaders$AppClassLoader.loadClass(ClassLoaders.java:178)
	at java.base@11.0.16.1/java.lang.ClassLoader.loadClass(ClassLoader.java:521)
	at app//com.google.common.collect.ImmutableMapEntry.&lt;init&gt;(ImmutableMapEntry.java:54)
	at app//com.google.common.collect.ImmutableMap.entryOf(ImmutableMap.java:341)
	at app//com.google.common.collect.ImmutableMap.of(ImmutableMap.java:181)
	at app//org.openqa.selenium.chrome.AddHasCasting.getAdditionalCommands(AddHasCasting.java:38)
	at app//org.openqa.selenium.chrome.ChromeDriver$ChromeDriverCommandExecutor.getExtraCommands(ChromeDriver.java:120)
	at app//org.openqa.selenium.chrome.ChromeDriver$ChromeDriverCommandExecutor.&lt;init&gt;(ChromeDriver.java:115)
	at app//org.openqa.selenium.chrome.ChromeDriver.generateExecutor(ChromeDriver.java:105)
	at app//org.openqa.selenium.chrome.ChromeDriver.&lt;init&gt;(ChromeDriver.java:88)
	at app//org.openqa.selenium.chrome.ChromeDriver.&lt;init&gt;(ChromeDriver.java:83)
	at app//org.openqa.selenium.chrome.ChromeDriver.&lt;init&gt;(ChromeDriver.java:51)
	at app//AssignmentPackage.AssignmentFive.setupWebDriver(AssignmentFive.java:23)
	at java.base@11.0.16.1/jdk.internal.reflect.NativeMethodAccessorImpl.invoke0(Native Method)
	at java.base@11.0.16.1/jdk.internal.reflect.NativeMethodAccessorImpl.invoke(NativeMethodAccessorImpl.java:62)
	at java.base@11.0.16.1/jdk.internal.reflect.DelegatingMethodAccessorImpl.invoke(DelegatingMethodAccessorImpl.java:43)
	at java.base@11.0.16.1/java.lang.reflect.Method.invoke(Method.java:566)
	at app//org.testng.internal.invokers.MethodInvocationHelper.invokeMethod(MethodInvocationHelper.java:139)
	at app//org.testng.internal.invokers.InvokeMethodRunnable.runOne(InvokeMethodRunnable.java:47)
	at app//org.testng.internal.invokers.InvokeMethodRunnable.call(InvokeMethodRunnable.java:76)
	at app//org.testng.internal.invokers.InvokeMethodRunnable.call(InvokeMethodRunnable.java:11)
	at java.base@11.0.16.1/java.util.concurrent.FutureTask.run(FutureTask.java:264)
	at java.base@11.0.16.1/java.util.concurrent.ThreadPoolExecutor.runWorker(ThreadPoolExecutor.java:1128)
	at java.base@11.0.16.1/java.util.concurrent.ThreadPoolExecutor$Worker.run(ThreadPoolExecutor.java:628)
	at java.base@11.0.16.1/java.lang.Thread.run(Thread.java:834)
</pre></div></td>
<td>0</td>
<td>AssignmentPackage.AssignmentFive@31ea9581</td></tr>
<tr>
<td title='AssignmentPackage.AssignmentFive.verifyEachLinkIsClicked()'><b>verifyEachLinkIsClicked</b><br>Test class: AssignmentPackage.AssignmentFive</td>
<td><div><pre>org.testng.internal.thread.ThreadTimeoutException: Method AssignmentPackage.AssignmentFive.setupWebDriver() didn&apos;t finish within the time-out 5000
	at java.base@11.0.16.1/java.io.RandomAccessFile.readBytes(Native Method)
	at java.base@11.0.16.1/java.io.RandomAccessFile.read(RandomAccessFile.java:407)
	at java.base@11.0.16.1/java.io.RandomAccessFile.readFully(RandomAccessFile.java:471)
	at java.base@11.0.16.1/java.util.zip.ZipFile$Source.readFullyAt(ZipFile.java:1330)
	at java.base@11.0.16.1/java.util.zip.ZipFile$ZipFileInputStream.initDataOffset(ZipFile.java:996)
	at java.base@11.0.16.1/java.util.zip.ZipFile$ZipFileInputStream.read(ZipFile.java:1011)
	at java.base@11.0.16.1/java.util.zip.ZipFile$ZipFileInflaterInputStream.fill(ZipFile.java:469)
	at java.base@11.0.16.1/java.util.zip.InflaterInputStream.read(InflaterInputStream.java:159)
	at java.base@11.0.16.1/jdk.internal.loader.Resource.getBytes(Resource.java:124)
	at java.base@11.0.16.1/jdk.internal.loader.URLClassPath$JarLoader$2.getBytes(URLClassPath.java:884)
	at java.base@11.0.16.1/jdk.internal.loader.BuiltinClassLoader.defineClass(BuiltinClassLoader.java:797)
	at java.base@11.0.16.1/jdk.internal.loader.BuiltinClassLoader.findClassOnClassPathOrNull(BuiltinClassLoader.java:698)
	at java.base@11.0.16.1/jdk.internal.loader.BuiltinClassLoader.loadClassOrNull(BuiltinClassLoader.java:621)
	at java.base@11.0.16.1/jdk.internal.loader.BuiltinClassLoader.loadClass(BuiltinClassLoader.java:579)
	at java.base@11.0.16.1/jdk.internal.loader.ClassLoaders$AppClassLoader.loadClass(ClassLoaders.java:178)
	at java.base@11.0.16.1/java.lang.ClassLoader.loadClass(ClassLoader.java:521)
	at app//com.google.common.collect.ImmutableMapEntry.&lt;init&gt;(ImmutableMapEntry.java:54)
	at app//com.google.common.collect.ImmutableMap.entryOf(ImmutableMap.java:341)
	at app//com.google.common.collect.ImmutableMap.of(ImmutableMap.java:181)
	at app//org.openqa.selenium.chrome.AddHasCasting.getAdditionalCommands(AddHasCasting.java:38)
	at app//org.openqa.selenium.chrome.ChromeDriver$ChromeDriverCommandExecutor.getExtraCommands(ChromeDriver.java:120)
	at app//org.openqa.selenium.chrome.ChromeDriver$ChromeDriverCommandExecutor.&lt;init&gt;(ChromeDriver.java:115)
	at app//org.openqa.selenium.chrome.ChromeDriver.generateExecutor(ChromeDriver.java:105)
	at app//org.openqa.selenium.chrome.ChromeDriver.&lt;init&gt;(ChromeDriver.java:88)
	at app//org.openqa.selenium.chrome.ChromeDriver.&lt;init&gt;(ChromeDriver.java:83)
	at app//org.openqa.selenium.chrome.ChromeDriver.&lt;init&gt;(ChromeDriver.java:51)
	at app//AssignmentPackage.AssignmentFive.setupWebDriver(AssignmentFive.java:23)
	at java.base@11.0.16.1/java.util.concurrent.FutureTask.run(FutureTask.java:264)
	at java.base@11.0.16.1/java.util.concurrent.ThreadPoolExecutor.runWorker(ThreadPoolExecutor.java:1128)
	at java.base@11.0.16.1/java.util.concurrent.ThreadPoolExecutor$Worker.run(ThreadPoolExecutor.java:628)
	at java.base@11.0.16.1/java.lang.Thread.run(Thread.java:834)
... Removed 8 stack frames</pre></div><a href='#' onClick='toggleBox("stack-trace238816832", this, "Click to show all stack frames", "Click to hide stack frames")'>Click to show all stack frames</a>
<div class='stack-trace' id='stack-trace238816832'><pre>org.testng.internal.thread.ThreadTimeoutException: Method AssignmentPackage.AssignmentFive.setupWebDriver() didn&apos;t finish within the time-out 5000
	at java.base@11.0.16.1/java.io.RandomAccessFile.readBytes(Native Method)
	at java.base@11.0.16.1/java.io.RandomAccessFile.read(RandomAccessFile.java:407)
	at java.base@11.0.16.1/java.io.RandomAccessFile.readFully(RandomAccessFile.java:471)
	at java.base@11.0.16.1/java.util.zip.ZipFile$Source.readFullyAt(ZipFile.java:1330)
	at java.base@11.0.16.1/java.util.zip.ZipFile$ZipFileInputStream.initDataOffset(ZipFile.java:996)
	at java.base@11.0.16.1/java.util.zip.ZipFile$ZipFileInputStream.read(ZipFile.java:1011)
	at java.base@11.0.16.1/java.util.zip.ZipFile$ZipFileInflaterInputStream.fill(ZipFile.java:469)
	at java.base@11.0.16.1/java.util.zip.InflaterInputStream.read(InflaterInputStream.java:159)
	at java.base@11.0.16.1/jdk.internal.loader.Resource.getBytes(Resource.java:124)
	at java.base@11.0.16.1/jdk.internal.loader.URLClassPath$JarLoader$2.getBytes(URLClassPath.java:884)
	at java.base@11.0.16.1/jdk.internal.loader.BuiltinClassLoader.defineClass(BuiltinClassLoader.java:797)
	at java.base@11.0.16.1/jdk.internal.loader.BuiltinClassLoader.findClassOnClassPathOrNull(BuiltinClassLoader.java:698)
	at java.base@11.0.16.1/jdk.internal.loader.BuiltinClassLoader.loadClassOrNull(BuiltinClassLoader.java:621)
	at java.base@11.0.16.1/jdk.internal.loader.BuiltinClassLoader.loadClass(BuiltinClassLoader.java:579)
	at java.base@11.0.16.1/jdk.internal.loader.ClassLoaders$AppClassLoader.loadClass(ClassLoaders.java:178)
	at java.base@11.0.16.1/java.lang.ClassLoader.loadClass(ClassLoader.java:521)
	at app//com.google.common.collect.ImmutableMapEntry.&lt;init&gt;(ImmutableMapEntry.java:54)
	at app//com.google.common.collect.ImmutableMap.entryOf(ImmutableMap.java:341)
	at app//com.google.common.collect.ImmutableMap.of(ImmutableMap.java:181)
	at app//org.openqa.selenium.chrome.AddHasCasting.getAdditionalCommands(AddHasCasting.java:38)
	at app//org.openqa.selenium.chrome.ChromeDriver$ChromeDriverCommandExecutor.getExtraCommands(ChromeDriver.java:120)
	at app//org.openqa.selenium.chrome.ChromeDriver$ChromeDriverCommandExecutor.&lt;init&gt;(ChromeDriver.java:115)
	at app//org.openqa.selenium.chrome.ChromeDriver.generateExecutor(ChromeDriver.java:105)
	at app//org.openqa.selenium.chrome.ChromeDriver.&lt;init&gt;(ChromeDriver.java:88)
	at app//org.openqa.selenium.chrome.ChromeDriver.&lt;init&gt;(ChromeDriver.java:83)
	at app//org.openqa.selenium.chrome.ChromeDriver.&lt;init&gt;(ChromeDriver.java:51)
	at app//AssignmentPackage.AssignmentFive.setupWebDriver(AssignmentFive.java:23)
	at java.base@11.0.16.1/jdk.internal.reflect.NativeMethodAccessorImpl.invoke0(Native Method)
	at java.base@11.0.16.1/jdk.internal.reflect.NativeMethodAccessorImpl.invoke(NativeMethodAccessorImpl.java:62)
	at java.base@11.0.16.1/jdk.internal.reflect.DelegatingMethodAccessorImpl.invoke(DelegatingMethodAccessorImpl.java:43)
	at java.base@11.0.16.1/java.lang.reflect.Method.invoke(Method.java:566)
	at app//org.testng.internal.invokers.MethodInvocationHelper.invokeMethod(MethodInvocationHelper.java:139)
	at app//org.testng.internal.invokers.InvokeMethodRunnable.runOne(InvokeMethodRunnable.java:47)
	at app//org.testng.internal.invokers.InvokeMethodRunnable.call(InvokeMethodRunnable.java:76)
	at app//org.testng.internal.invokers.InvokeMethodRunnable.call(InvokeMethodRunnable.java:11)
	at java.base@11.0.16.1/java.util.concurrent.FutureTask.run(FutureTask.java:264)
	at java.base@11.0.16.1/java.util.concurrent.ThreadPoolExecutor.runWorker(ThreadPoolExecutor.java:1128)
	at java.base@11.0.16.1/java.util.concurrent.ThreadPoolExecutor$Worker.run(ThreadPoolExecutor.java:628)
	at java.base@11.0.16.1/java.lang.Thread.run(Thread.java:834)
</pre></div></td>
<td>0</td>
<td>AssignmentPackage.AssignmentFive@31ea9581</td></tr>
</table><p>
</body>
</html>